0 info it worked if it ends with ok
1 verbose cli [ 'C:\\Program Files\\nodejs\\node.exe',
1 verbose cli   'C:\\Program Files\\nodejs\\node_modules\\npm\\bin\\npm-cli.js',
1 verbose cli   'install' ]
2 info using npm@3.10.10
3 info using node@v6.11.4
4 silly loadCurrentTree Starting
5 silly install loadCurrentTree
6 silly install readLocalPackageData
7 silly install normalizeTree
8 silly loadCurrentTree Finishing
9 silly loadIdealTree Starting
10 silly install loadIdealTree
11 silly cloneCurrentTree Starting
12 silly install cloneCurrentTreeToIdealTree
13 silly cloneCurrentTree Finishing
14 silly loadShrinkwrap Starting
15 silly install loadShrinkwrap
16 silly loadShrinkwrap Finishing
17 silly loadAllDepsIntoIdealTree Starting
18 silly install loadAllDepsIntoIdealTree
19 silly fetchNamedPackageData gulp
20 silly mapToRegistry name gulp
21 silly mapToRegistry using default registry
22 silly mapToRegistry registry https://registry.npmjs.org/
23 silly mapToRegistry data Result {
23 silly mapToRegistry   raw: 'gulp',
23 silly mapToRegistry   scope: null,
23 silly mapToRegistry   escapedName: 'gulp',
23 silly mapToRegistry   name: 'gulp',
23 silly mapToRegistry   rawSpec: '',
23 silly mapToRegistry   spec: 'latest',
23 silly mapToRegistry   type: 'tag' }
24 silly mapToRegistry uri https://registry.npmjs.org/gulp
25 silly fetchNamedPackageData laravel-elixir
26 silly mapToRegistry name laravel-elixir
27 silly mapToRegistry using default registry
28 silly mapToRegistry registry https://registry.npmjs.org/
29 silly mapToRegistry data Result {
29 silly mapToRegistry   raw: 'laravel-elixir',
29 silly mapToRegistry   scope: null,
29 silly mapToRegistry   escapedName: 'laravel-elixir',
29 silly mapToRegistry   name: 'laravel-elixir',
29 silly mapToRegistry   rawSpec: '',
29 silly mapToRegistry   spec: 'latest',
29 silly mapToRegistry   type: 'tag' }
30 silly mapToRegistry uri https://registry.npmjs.org/laravel-elixir
31 silly fetchNamedPackageData bootstrap-sass
32 silly mapToRegistry name bootstrap-sass
33 silly mapToRegistry using default registry
34 silly mapToRegistry registry https://registry.npmjs.org/
35 silly mapToRegistry data Result {
35 silly mapToRegistry   raw: 'bootstrap-sass',
35 silly mapToRegistry   scope: null,
35 silly mapToRegistry   escapedName: 'bootstrap-sass',
35 silly mapToRegistry   name: 'bootstrap-sass',
35 silly mapToRegistry   rawSpec: '',
35 silly mapToRegistry   spec: 'latest',
35 silly mapToRegistry   type: 'tag' }
36 silly mapToRegistry uri https://registry.npmjs.org/bootstrap-sass
37 verbose request uri https://registry.npmjs.org/gulp
38 verbose request no auth needed
39 info attempt registry request try #1 at 21:49:39
40 verbose request id 15e3a65dbab6880a
41 http request GET https://registry.npmjs.org/gulp
42 verbose request uri https://registry.npmjs.org/laravel-elixir
43 verbose request no auth needed
44 info attempt registry request try #1 at 21:49:39
45 http request GET https://registry.npmjs.org/laravel-elixir
46 verbose request uri https://registry.npmjs.org/bootstrap-sass
47 verbose request no auth needed
48 info attempt registry request try #1 at 21:49:39
49 http request GET https://registry.npmjs.org/bootstrap-sass
50 info retry will retry, error on last attempt: Error: tunneling socket could not be established, cause=connect ECONNREFUSED 127.0.0.1:80
51 info retry will retry, error on last attempt: Error: tunneling socket could not be established, cause=connect ECONNREFUSED 127.0.0.1:80
52 info retry will retry, error on last attempt: Error: tunneling socket could not be established, cause=connect ECONNREFUSED 127.0.0.1:80
53 info attempt registry request try #2 at 21:49:50
54 http request GET https://registry.npmjs.org/laravel-elixir
55 info attempt registry request try #2 at 21:49:50
56 http request GET https://registry.npmjs.org/gulp
57 info attempt registry request try #2 at 21:49:50
58 http request GET https://registry.npmjs.org/bootstrap-sass
59 info retry will retry, error on last attempt: Error: tunneling socket could not be established, cause=connect ECONNREFUSED 127.0.0.1:80
60 info retry will retry, error on last attempt: Error: tunneling socket could not be established, cause=connect ECONNREFUSED 127.0.0.1:80
61 info retry will retry, error on last attempt: Error: tunneling socket could not be established, cause=connect ECONNREFUSED 127.0.0.1:80
62 info attempt registry request try #3 at 21:50:51
63 http request GET https://registry.npmjs.org/gulp
64 info attempt registry request try #3 at 21:50:51
65 http request GET https://registry.npmjs.org/bootstrap-sass
66 info attempt registry request try #3 at 21:50:51
67 http request GET https://registry.npmjs.org/laravel-elixir
68 silly fetchPackageMetaData Error: tunneling socket could not be established, cause=connect ECONNREFUSED 127.0.0.1:80
68 silly fetchPackageMetaData     at ClientRequest.onError (C:\Program Files\nodejs\node_modules\npm\node_modules\request\node_modules\tunnel-agent\index.js:176:17)
68 silly fetchPackageMetaData     at ClientRequest.g (events.js:292:16)
68 silly fetchPackageMetaData     at emitOne (events.js:96:13)
68 silly fetchPackageMetaData     at ClientRequest.emit (events.js:188:7)
68 silly fetchPackageMetaData     at Socket.socketErrorListener (_http_client.js:310:9)
68 silly fetchPackageMetaData     at emitOne (events.js:96:13)
68 silly fetchPackageMetaData     at Socket.emit (events.js:188:7)
68 silly fetchPackageMetaData     at emitErrorNT (net.js:1281:8)
68 silly fetchPackageMetaData     at _combinedTickCallback (internal/process/next_tick.js:80:11)
68 silly fetchPackageMetaData     at process._tickCallback (internal/process/next_tick.js:104:9)
68 silly fetchPackageMetaData  error for laravel-elixir@^5.0.0 { Error: tunneling socket could not be established, cause=connect ECONNREFUSED 127.0.0.1:80
68 silly fetchPackageMetaData     at ClientRequest.onError (C:\Program Files\nodejs\node_modules\npm\node_modules\request\node_modules\tunnel-agent\index.js:176:17)
68 silly fetchPackageMetaData     at ClientRequest.g (events.js:292:16)
68 silly fetchPackageMetaData     at emitOne (events.js:96:13)
68 silly fetchPackageMetaData     at ClientRequest.emit (events.js:188:7)
68 silly fetchPackageMetaData     at Socket.socketErrorListener (_http_client.js:310:9)
68 silly fetchPackageMetaData     at emitOne (events.js:96:13)
68 silly fetchPackageMetaData     at Socket.emit (events.js:188:7)
68 silly fetchPackageMetaData     at emitErrorNT (net.js:1281:8)
68 silly fetchPackageMetaData     at _combinedTickCallback (internal/process/next_tick.js:80:11)
68 silly fetchPackageMetaData     at process._tickCallback (internal/process/next_tick.js:104:9) code: 'ECONNRESET' }
69 silly fetchPackageMetaData Error: tunneling socket could not be established, cause=connect ECONNREFUSED 127.0.0.1:80
69 silly fetchPackageMetaData     at ClientRequest.onError (C:\Program Files\nodejs\node_modules\npm\node_modules\request\node_modules\tunnel-agent\index.js:176:17)
69 silly fetchPackageMetaData     at ClientRequest.g (events.js:292:16)
69 silly fetchPackageMetaData     at emitOne (events.js:96:13)
69 silly fetchPackageMetaData     at ClientRequest.emit (events.js:188:7)
69 silly fetchPackageMetaData     at Socket.socketErrorListener (_http_client.js:310:9)
69 silly fetchPackageMetaData     at emitOne (events.js:96:13)
69 silly fetchPackageMetaData     at Socket.emit (events.js:188:7)
69 silly fetchPackageMetaData     at emitErrorNT (net.js:1281:8)
69 silly fetchPackageMetaData     at _combinedTickCallback (internal/process/next_tick.js:80:11)
69 silly fetchPackageMetaData     at process._tickCallback (internal/process/next_tick.js:104:9)
69 silly fetchPackageMetaData  error for bootstrap-sass@^3.0.0 { Error: tunneling socket could not be established, cause=connect ECONNREFUSED 127.0.0.1:80
69 silly fetchPackageMetaData     at ClientRequest.onError (C:\Program Files\nodejs\node_modules\npm\node_modules\request\node_modules\tunnel-agent\index.js:176:17)
69 silly fetchPackageMetaData     at ClientRequest.g (events.js:292:16)
69 silly fetchPackageMetaData     at emitOne (events.js:96:13)
69 silly fetchPackageMetaData     at ClientRequest.emit (events.js:188:7)
69 silly fetchPackageMetaData     at Socket.socketErrorListener (_http_client.js:310:9)
69 silly fetchPackageMetaData     at emitOne (events.js:96:13)
69 silly fetchPackageMetaData     at Socket.emit (events.js:188:7)
69 silly fetchPackageMetaData     at emitErrorNT (net.js:1281:8)
69 silly fetchPackageMetaData     at _combinedTickCallback (internal/process/next_tick.js:80:11)
69 silly fetchPackageMetaData     at process._tickCallback (internal/process/next_tick.js:104:9) code: 'ECONNRESET' }
70 silly fetchPackageMetaData Error: tunneling socket could not be established, cause=connect ECONNREFUSED 127.0.0.1:80
70 silly fetchPackageMetaData     at ClientRequest.onError (C:\Program Files\nodejs\node_modules\npm\node_modules\request\node_modules\tunnel-agent\index.js:176:17)
70 silly fetchPackageMetaData     at ClientRequest.g (events.js:292:16)
70 silly fetchPackageMetaData     at emitOne (events.js:96:13)
70 silly fetchPackageMetaData     at ClientRequest.emit (events.js:188:7)
70 silly fetchPackageMetaData     at Socket.socketErrorListener (_http_client.js:310:9)
70 silly fetchPackageMetaData     at emitOne (events.js:96:13)
70 silly fetchPackageMetaData     at Socket.emit (events.js:188:7)
70 silly fetchPackageMetaData     at emitErrorNT (net.js:1281:8)
70 silly fetchPackageMetaData     at _combinedTickCallback (internal/process/next_tick.js:80:11)
70 silly fetchPackageMetaData     at process._tickCallback (internal/process/next_tick.js:104:9)
70 silly fetchPackageMetaData  error for gulp@^3.9.1 { Error: tunneling socket could not be established, cause=connect ECONNREFUSED 127.0.0.1:80
70 silly fetchPackageMetaData     at ClientRequest.onError (C:\Program Files\nodejs\node_modules\npm\node_modules\request\node_modules\tunnel-agent\index.js:176:17)
70 silly fetchPackageMetaData     at ClientRequest.g (events.js:292:16)
70 silly fetchPackageMetaData     at emitOne (events.js:96:13)
70 silly fetchPackageMetaData     at ClientRequest.emit (events.js:188:7)
70 silly fetchPackageMetaData     at Socket.socketErrorListener (_http_client.js:310:9)
70 silly fetchPackageMetaData     at emitOne (events.js:96:13)
70 silly fetchPackageMetaData     at Socket.emit (events.js:188:7)
70 silly fetchPackageMetaData     at emitErrorNT (net.js:1281:8)
70 silly fetchPackageMetaData     at _combinedTickCallback (internal/process/next_tick.js:80:11)
70 silly fetchPackageMetaData     at process._tickCallback (internal/process/next_tick.js:104:9) code: 'ECONNRESET' }
71 silly rollbackFailedOptional Starting
72 silly rollbackFailedOptional Finishing
73 silly runTopLevelLifecycles Finishing
74 silly install printInstalled
75 verbose stack Error: tunneling socket could not be established, cause=connect ECONNREFUSED 127.0.0.1:80
75 verbose stack     at ClientRequest.onError (C:\Program Files\nodejs\node_modules\npm\node_modules\request\node_modules\tunnel-agent\index.js:176:17)
75 verbose stack     at ClientRequest.g (events.js:292:16)
75 verbose stack     at emitOne (events.js:96:13)
75 verbose stack     at ClientRequest.emit (events.js:188:7)
75 verbose stack     at Socket.socketErrorListener (_http_client.js:310:9)
75 verbose stack     at emitOne (events.js:96:13)
75 verbose stack     at Socket.emit (events.js:188:7)
75 verbose stack     at emitErrorNT (net.js:1281:8)
75 verbose stack     at _combinedTickCallback (internal/process/next_tick.js:80:11)
75 verbose stack     at process._tickCallback (internal/process/next_tick.js:104:9)
76 verbose cwd C:\xampp\htdocs\CursoLaravel5.2
77 error Windows_NT 6.1.7601
78 error argv "C:\\Program Files\\nodejs\\node.exe" "C:\\Program Files\\nodejs\\node_modules\\npm\\bin\\npm-cli.js" "install"
79 error node v6.11.4
80 error npm  v3.10.10
81 error code ECONNRESET
82 error network tunneling socket could not be established, cause=connect ECONNREFUSED 127.0.0.1:80
83 error network This is most likely not a problem with npm itself
83 error network and is related to network connectivity.
83 error network In most cases you are behind a proxy or have bad network settings.
83 error network
83 error network If you are behind a proxy, please make sure that the
83 error network 'proxy' config is set properly.  See: 'npm help config'
84 verbose exit [ 1, true ]
